TN:
SF:src\routes\auth.routes.ts
FN:72,(anonymous_1)
FN:111,(anonymous_2)
FN:132,(anonymous_3)
FNF:3
FNH:1
FNDA:0,(anonymous_1)
FNDA:1,(anonymous_2)
FNDA:0,(anonymous_3)
DA:1,2
DA:3,2
DA:72,2
DA:73,0
DA:111,2
DA:112,1
DA:132,2
DA:133,0
DA:136,2
LF:9
LH:7
BRF:0
BRH:0
end_of_record
TN:
SF:src\routes\cart.routes.ts
FN:56,(anonymous_1)
FN:93,(anonymous_2)
FNF:2
FNH:0
FNDA:0,(anonymous_1)
FNDA:0,(anonymous_2)
DA:1,2
DA:3,2
DA:56,2
DA:57,0
DA:93,2
DA:94,0
DA:107,2
LF:7
LH:5
BRF:0
BRH:0
end_of_record
TN:
SF:src\routes\orders.routes.ts
FN:53,(anonymous_1)
FN:82,(anonymous_2)
FNF:2
FNH:0
FNDA:0,(anonymous_1)
FNDA:0,(anonymous_2)
DA:1,2
DA:3,2
DA:53,2
DA:54,0
DA:82,2
DA:83,0
DA:86,2
LF:7
LH:5
BRF:0
BRH:0
end_of_record
TN:
SF:src\routes\products.routes.ts
FN:69,(anonymous_1)
FN:109,(anonymous_2)
FN:140,(anonymous_3)
FNF:3
FNH:1
FNDA:1,(anonymous_1)
FNDA:0,(anonymous_2)
FNDA:0,(anonymous_3)
DA:1,2
DA:3,2
DA:69,2
DA:70,1
DA:109,2
DA:110,0
DA:140,2
DA:141,0
DA:152,2
LF:9
LH:7
BRF:0
BRH:0
end_of_record
TN:
SF:src\routes\sellers.routes.ts
FN:67,(anonymous_1)
FN:95,(anonymous_2)
FNF:2
FNH:0
FNDA:0,(anonymous_1)
FNDA:0,(anonymous_2)
DA:1,2
DA:3,2
DA:67,2
DA:68,0
DA:95,2
DA:96,0
DA:105,2
LF:7
LH:5
BRDA:72,0,0,0
BRDA:72,0,1,0
BRF:2
BRH:0
end_of_record
TN:
SF:src\swagger\swaggerConfig.ts
FNF:0
FNH:0
DA:1,2
DA:2,2
DA:4,2
DA:35,3
LF:4
LH:4
BRF:0
BRH:0
end_of_record
TN:
SF:src\utils\mathUtils.ts
FN:11,(anonymous_5)
FN:21,(anonymous_6)
FN:31,(anonymous_7)
FN:42,(anonymous_8)
FNF:4
FNH:4
FNDA:2,(anonymous_5)
FNDA:1,(anonymous_6)
FNDA:2,(anonymous_7)
FNDA:2,(anonymous_8)
DA:11,2
DA:12,2
DA:21,1
DA:22,1
DA:31,2
DA:32,2
DA:42,2
DA:43,2
DA:44,1
DA:46,1
LF:10
LH:10
BRDA:43,0,0,1
BRF:1
BRH:1
end_of_record
